ARM GAS  C:\Users\STUDENT\AppData\Local\Temp\cc7IS5vB.s 			page 1


   1              		.syntax unified
   2              		.cpu cortex-m0
   3              		.fpu softvfp
   4              		.eabi_attribute 20, 1
   5              		.eabi_attribute 21, 1
   6              		.eabi_attribute 23, 3
   7              		.eabi_attribute 24, 1
   8              		.eabi_attribute 25, 1
   9              		.eabi_attribute 26, 1
  10              		.eabi_attribute 30, 1
  11              		.eabi_attribute 34, 0
  12              		.eabi_attribute 18, 4
  13              		.thumb
  14              		.syntax unified
  15              		.file	"main.c"
  16              		.text
  17              	.Ltext0:
  18              		.cfi_sections	.debug_frame
  19              		.section	.text.main,"ax",%progbits
  20              		.align	2
  21              		.global	main
  22              		.code	16
  23              		.thumb_func
  24              		.type	main, %function
  25              	main:
  26              	.LFB32:
  27              		.file 1 "main.c"
   1:main.c        **** /* ========================================
   2:main.c        ****  *
   3:main.c        ****  * Copyright YOUR COMPANY, THE YEAR
   4:main.c        ****  * All Rights Reserved
   5:main.c        ****  * UNPUBLISHED, LICENSED SOFTWARE.
   6:main.c        ****  *
   7:main.c        ****  * CONFIDENTIAL AND PROPRIETARY INFORMATION
   8:main.c        ****  * WHICH IS THE PROPERTY OF your company.
   9:main.c        ****  *
  10:main.c        ****  * ========================================
  11:main.c        **** */
  12:main.c        **** #include "project.h"
  13:main.c        **** int main(void)
  14:main.c        **** {
  28              		.loc 1 14 0
  29              		.cfi_startproc
  30              		@ args = 0, pretend = 0, frame = 0
  31              		@ frame_needed = 0, uses_anonymous_args = 0
  32 0000 10B5     		push	{r4, lr}
  33              		.cfi_def_cfa_offset 8
  34              		.cfi_offset 4, -8
  35              		.cfi_offset 14, -4
  15:main.c        ****     CyGlobalIntEnable; /* Enable global interrupts. */
  36              		.loc 1 15 0
  37              		.syntax divided
  38              	@ 15 "main.c" 1
  39 0002 62B6     		CPSIE   i
  40              	@ 0 "" 2
  16:main.c        ****     /* Place your initialization/startup code here (e.g. MyInst_Start()) */
  17:main.c        ****     SW_Tx_UART_Start();
ARM GAS  C:\Users\STUDENT\AppData\Local\Temp\cc7IS5vB.s 			page 2


  41              		.loc 1 17 0
  42              		.thumb
  43              		.syntax unified
  44 0004 FFF7FEFF 		bl	SW_Tx_UART_Start
  45              	.LVL0:
  18:main.c        ****     SW_Tx_UART_PutCRLF();
  46              		.loc 1 18 0
  47 0008 FFF7FEFF 		bl	SW_Tx_UART_PutCRLF
  48              	.LVL1:
  19:main.c        ****     SW_Tx_UART_PutString("Software Transmit UART");
  49              		.loc 1 19 0
  50 000c 1848     		ldr	r0, .L5
  51 000e FFF7FEFF 		bl	SW_Tx_UART_PutString
  52              	.LVL2:
  20:main.c        ****     SW_Tx_UART_PutCRLF();
  53              		.loc 1 20 0
  54 0012 FFF7FEFF 		bl	SW_Tx_UART_PutCRLF
  55              	.LVL3:
  21:main.c        ****     uint8_t last_state = 0;
  56              		.loc 1 21 0
  57 0016 0024     		movs	r4, #0
  58              	.LVL4:
  59              	.L2:
  22:main.c        ****     for(;;)
  23:main.c        ****     {
  24:main.c        ****         /* Place your application code here. */
  25:main.c        ****         // button == 0 -> Button pressed
  26:main.c        ****         // button == 1 -> Button released
  27:main.c        ****         // LED_R_Write(0); -> Turn ON
  28:main.c        ****         // LED_R_Write(1); -> Turn OFF
  29:main.c        ****         if(Button_Read() == 1 && last_state == 0) //is button released
  60              		.loc 1 29 0
  61 0018 FFF7FEFF 		bl	Button_Read
  62              	.LVL5:
  63 001c 0128     		cmp	r0, #1
  64 001e 11D1     		bne	.L3
  65              		.loc 1 29 0 is_stmt 0 discriminator 1
  66 0020 002C     		cmp	r4, #0
  67 0022 0FD1     		bne	.L3
  68              	.LVL6:
  30:main.c        ****         {
  31:main.c        ****             last_state = 1;
  32:main.c        ****             SW_Tx_UART_PutString("Button released");
  69              		.loc 1 32 0 is_stmt 1
  70 0024 1348     		ldr	r0, .L5+4
  71 0026 FFF7FEFF 		bl	SW_Tx_UART_PutString
  72              	.LVL7:
  33:main.c        ****             SW_Tx_UART_PutCRLF();
  73              		.loc 1 33 0
  74 002a FFF7FEFF 		bl	SW_Tx_UART_PutCRLF
  75              	.LVL8:
  34:main.c        ****             LED_R_Write(0); // Turn ON
  76              		.loc 1 34 0
  77 002e 0020     		movs	r0, #0
  78 0030 FFF7FEFF 		bl	LED_R_Write
  79              	.LVL9:
  35:main.c        ****             LED_G_Write(0);
ARM GAS  C:\Users\STUDENT\AppData\Local\Temp\cc7IS5vB.s 			page 3


  80              		.loc 1 35 0
  81 0034 0020     		movs	r0, #0
  82 0036 FFF7FEFF 		bl	LED_G_Write
  83              	.LVL10:
  36:main.c        ****             LED_B_Write(0);
  84              		.loc 1 36 0
  85 003a 0020     		movs	r0, #0
  86 003c FFF7FEFF 		bl	LED_B_Write
  87              	.LVL11:
  31:main.c        ****             SW_Tx_UART_PutString("Button released");
  88              		.loc 1 31 0
  89 0040 0134     		adds	r4, r4, #1
  90              		.loc 1 36 0
  91 0042 E9E7     		b	.L2
  92              	.LVL12:
  93              	.L3:
  37:main.c        ****         }
  38:main.c        ****         else if(Button_Read() == 0 && last_state == 1) //is button pressed
  94              		.loc 1 38 0
  95 0044 FFF7FEFF 		bl	Button_Read
  96              	.LVL13:
  97 0048 0028     		cmp	r0, #0
  98 004a E5D1     		bne	.L2
  99              		.loc 1 38 0 is_stmt 0 discriminator 1
 100 004c 012C     		cmp	r4, #1
 101 004e E3D1     		bne	.L2
 102              	.LVL14:
  39:main.c        ****         {
  40:main.c        ****             last_state = 0;
  41:main.c        ****             SW_Tx_UART_PutString("Button pressed");
 103              		.loc 1 41 0 is_stmt 1
 104 0050 0948     		ldr	r0, .L5+8
 105 0052 FFF7FEFF 		bl	SW_Tx_UART_PutString
 106              	.LVL15:
  42:main.c        ****             SW_Tx_UART_PutCRLF();
 107              		.loc 1 42 0
 108 0056 FFF7FEFF 		bl	SW_Tx_UART_PutCRLF
 109              	.LVL16:
  43:main.c        ****             LED_R_Write(1); // Turn OFF
 110              		.loc 1 43 0
 111 005a 0120     		movs	r0, #1
 112 005c FFF7FEFF 		bl	LED_R_Write
 113              	.LVL17:
  44:main.c        ****             LED_G_Write(1);
 114              		.loc 1 44 0
 115 0060 0120     		movs	r0, #1
 116 0062 FFF7FEFF 		bl	LED_G_Write
 117              	.LVL18:
  45:main.c        ****             LED_B_Write(1);
 118              		.loc 1 45 0
 119 0066 0120     		movs	r0, #1
 120 0068 FFF7FEFF 		bl	LED_B_Write
 121              	.LVL19:
  40:main.c        ****             SW_Tx_UART_PutString("Button pressed");
 122              		.loc 1 40 0
 123 006c 0024     		movs	r4, #0
 124 006e D3E7     		b	.L2
ARM GAS  C:\Users\STUDENT\AppData\Local\Temp\cc7IS5vB.s 			page 4


 125              	.L6:
 126              		.align	2
 127              	.L5:
 128 0070 00000000 		.word	.LC0
 129 0074 18000000 		.word	.LC2
 130 0078 28000000 		.word	.LC4
 131              		.cfi_endproc
 132              	.LFE32:
 133              		.size	main, .-main
 134              		.section	.rodata.str1.4,"aMS",%progbits,1
 135              		.align	2
 136              	.LC0:
 137 0000 536F6674 		.ascii	"Software Transmit UART\000"
 137      77617265 
 137      20547261 
 137      6E736D69 
 137      74205541 
 138 0017 00       		.space	1
 139              	.LC2:
 140 0018 42757474 		.ascii	"Button released\000"
 140      6F6E2072 
 140      656C6561 
 140      73656400 
 141              	.LC4:
 142 0028 42757474 		.ascii	"Button pressed\000"
 142      6F6E2070 
 142      72657373 
 142      656400
 143              		.text
 144              	.Letext0:
 145              		.file 2 "c:\\program files (x86)\\cypress\\psoc creator\\4.4\\psoc creator\\import\\gnu\\arm\\5.4.
 146              		.file 3 "c:\\program files (x86)\\cypress\\psoc creator\\4.4\\psoc creator\\import\\gnu\\arm\\5.4.
 147              		.file 4 "Generated_Source\\PSoC4/SW_Tx_UART.h"
 148              		.file 5 "Generated_Source\\PSoC4/Button.h"
 149              		.file 6 "Generated_Source\\PSoC4/LED_R.h"
 150              		.file 7 "Generated_Source\\PSoC4/LED_G.h"
 151              		.file 8 "Generated_Source\\PSoC4/LED_B.h"
 152              		.section	.debug_info,"",%progbits
 153              	.Ldebug_info0:
 154 0000 09020000 		.4byte	0x209
 155 0004 0400     		.2byte	0x4
 156 0006 00000000 		.4byte	.Ldebug_abbrev0
 157 000a 04       		.byte	0x4
 158 000b 01       		.uleb128 0x1
 159 000c 16010000 		.4byte	.LASF23
 160 0010 0C       		.byte	0xc
 161 0011 2C000000 		.4byte	.LASF24
 162 0015 71000000 		.4byte	.LASF25
 163 0019 00000000 		.4byte	.Ldebug_ranges0+0
 164 001d 00000000 		.4byte	0
 165 0021 00000000 		.4byte	.Ldebug_line0
 166 0025 02       		.uleb128 0x2
 167 0026 01       		.byte	0x1
 168 0027 06       		.byte	0x6
 169 0028 B7010000 		.4byte	.LASF0
 170 002c 03       		.uleb128 0x3
 171 002d 61000000 		.4byte	.LASF9
ARM GAS  C:\Users\STUDENT\AppData\Local\Temp\cc7IS5vB.s 			page 5


 172 0031 02       		.byte	0x2
 173 0032 1D       		.byte	0x1d
 174 0033 37000000 		.4byte	0x37
 175 0037 02       		.uleb128 0x2
 176 0038 01       		.byte	0x1
 177 0039 08       		.byte	0x8
 178 003a D5000000 		.4byte	.LASF1
 179 003e 02       		.uleb128 0x2
 180 003f 02       		.byte	0x2
 181 0040 05       		.byte	0x5
 182 0041 E9010000 		.4byte	.LASF2
 183 0045 02       		.uleb128 0x2
 184 0046 02       		.byte	0x2
 185 0047 07       		.byte	0x7
 186 0048 A4010000 		.4byte	.LASF3
 187 004c 02       		.uleb128 0x2
 188 004d 04       		.byte	0x4
 189 004e 05       		.byte	0x5
 190 004f E8000000 		.4byte	.LASF4
 191 0053 02       		.uleb128 0x2
 192 0054 04       		.byte	0x4
 193 0055 07       		.byte	0x7
 194 0056 FD000000 		.4byte	.LASF5
 195 005a 02       		.uleb128 0x2
 196 005b 08       		.byte	0x8
 197 005c 05       		.byte	0x5
 198 005d 00000000 		.4byte	.LASF6
 199 0061 02       		.uleb128 0x2
 200 0062 08       		.byte	0x8
 201 0063 07       		.byte	0x7
 202 0064 4A000000 		.4byte	.LASF7
 203 0068 04       		.uleb128 0x4
 204 0069 04       		.byte	0x4
 205 006a 05       		.byte	0x5
 206 006b 696E7400 		.ascii	"int\000"
 207 006f 02       		.uleb128 0x2
 208 0070 04       		.byte	0x4
 209 0071 07       		.byte	0x7
 210 0072 1F000000 		.4byte	.LASF8
 211 0076 03       		.uleb128 0x3
 212 0077 CD000000 		.4byte	.LASF10
 213 007b 03       		.byte	0x3
 214 007c 18       		.byte	0x18
 215 007d 2C000000 		.4byte	0x2c
 216 0081 02       		.uleb128 0x2
 217 0082 04       		.byte	0x4
 218 0083 04       		.byte	0x4
 219 0084 6B000000 		.4byte	.LASF11
 220 0088 02       		.uleb128 0x2
 221 0089 08       		.byte	0x8
 222 008a 04       		.byte	0x4
 223 008b 0F010000 		.4byte	.LASF12
 224 008f 02       		.uleb128 0x2
 225 0090 01       		.byte	0x1
 226 0091 08       		.byte	0x8
 227 0092 E3000000 		.4byte	.LASF13
 228 0096 02       		.uleb128 0x2
ARM GAS  C:\Users\STUDENT\AppData\Local\Temp\cc7IS5vB.s 			page 6


 229 0097 04       		.byte	0x4
 230 0098 07       		.byte	0x7
 231 0099 0B020000 		.4byte	.LASF14
 232 009d 02       		.uleb128 0x2
 233 009e 08       		.byte	0x8
 234 009f 04       		.byte	0x4
 235 00a0 DD010000 		.4byte	.LASF15
 236 00a4 05       		.uleb128 0x5
 237 00a5 D8010000 		.4byte	.LASF26
 238 00a9 01       		.byte	0x1
 239 00aa 0D       		.byte	0xd
 240 00ab 68000000 		.4byte	0x68
 241 00af 00000000 		.4byte	.LFB32
 242 00b3 7C000000 		.4byte	.LFE32-.LFB32
 243 00b7 01       		.uleb128 0x1
 244 00b8 9C       		.byte	0x9c
 245 00b9 BF010000 		.4byte	0x1bf
 246 00bd 06       		.uleb128 0x6
 247 00be 3F000000 		.4byte	.LASF27
 248 00c2 01       		.byte	0x1
 249 00c3 15       		.byte	0x15
 250 00c4 76000000 		.4byte	0x76
 251 00c8 00000000 		.4byte	.LLST0
 252 00cc 07       		.uleb128 0x7
 253 00cd 08000000 		.4byte	.LVL0
 254 00d1 BF010000 		.4byte	0x1bf
 255 00d5 07       		.uleb128 0x7
 256 00d6 0C000000 		.4byte	.LVL1
 257 00da CA010000 		.4byte	0x1ca
 258 00de 08       		.uleb128 0x8
 259 00df 12000000 		.4byte	.LVL2
 260 00e3 D5010000 		.4byte	0x1d5
 261 00e7 F5000000 		.4byte	0xf5
 262 00eb 09       		.uleb128 0x9
 263 00ec 01       		.uleb128 0x1
 264 00ed 50       		.byte	0x50
 265 00ee 05       		.uleb128 0x5
 266 00ef 03       		.byte	0x3
 267 00f0 00000000 		.4byte	.LC0
 268 00f4 00       		.byte	0
 269 00f5 07       		.uleb128 0x7
 270 00f6 16000000 		.4byte	.LVL3
 271 00fa CA010000 		.4byte	0x1ca
 272 00fe 07       		.uleb128 0x7
 273 00ff 1C000000 		.4byte	.LVL5
 274 0103 E0010000 		.4byte	0x1e0
 275 0107 08       		.uleb128 0x8
 276 0108 2A000000 		.4byte	.LVL7
 277 010c D5010000 		.4byte	0x1d5
 278 0110 1E010000 		.4byte	0x11e
 279 0114 09       		.uleb128 0x9
 280 0115 01       		.uleb128 0x1
 281 0116 50       		.byte	0x50
 282 0117 05       		.uleb128 0x5
 283 0118 03       		.byte	0x3
 284 0119 18000000 		.4byte	.LC2
 285 011d 00       		.byte	0
ARM GAS  C:\Users\STUDENT\AppData\Local\Temp\cc7IS5vB.s 			page 7


 286 011e 07       		.uleb128 0x7
 287 011f 2E000000 		.4byte	.LVL8
 288 0123 CA010000 		.4byte	0x1ca
 289 0127 08       		.uleb128 0x8
 290 0128 34000000 		.4byte	.LVL9
 291 012c EB010000 		.4byte	0x1eb
 292 0130 3A010000 		.4byte	0x13a
 293 0134 09       		.uleb128 0x9
 294 0135 01       		.uleb128 0x1
 295 0136 50       		.byte	0x50
 296 0137 01       		.uleb128 0x1
 297 0138 30       		.byte	0x30
 298 0139 00       		.byte	0
 299 013a 08       		.uleb128 0x8
 300 013b 3A000000 		.4byte	.LVL10
 301 013f F6010000 		.4byte	0x1f6
 302 0143 4D010000 		.4byte	0x14d
 303 0147 09       		.uleb128 0x9
 304 0148 01       		.uleb128 0x1
 305 0149 50       		.byte	0x50
 306 014a 01       		.uleb128 0x1
 307 014b 30       		.byte	0x30
 308 014c 00       		.byte	0
 309 014d 08       		.uleb128 0x8
 310 014e 40000000 		.4byte	.LVL11
 311 0152 01020000 		.4byte	0x201
 312 0156 60010000 		.4byte	0x160
 313 015a 09       		.uleb128 0x9
 314 015b 01       		.uleb128 0x1
 315 015c 50       		.byte	0x50
 316 015d 01       		.uleb128 0x1
 317 015e 30       		.byte	0x30
 318 015f 00       		.byte	0
 319 0160 07       		.uleb128 0x7
 320 0161 48000000 		.4byte	.LVL13
 321 0165 E0010000 		.4byte	0x1e0
 322 0169 08       		.uleb128 0x8
 323 016a 56000000 		.4byte	.LVL15
 324 016e D5010000 		.4byte	0x1d5
 325 0172 80010000 		.4byte	0x180
 326 0176 09       		.uleb128 0x9
 327 0177 01       		.uleb128 0x1
 328 0178 50       		.byte	0x50
 329 0179 05       		.uleb128 0x5
 330 017a 03       		.byte	0x3
 331 017b 28000000 		.4byte	.LC4
 332 017f 00       		.byte	0
 333 0180 07       		.uleb128 0x7
 334 0181 5A000000 		.4byte	.LVL16
 335 0185 CA010000 		.4byte	0x1ca
 336 0189 08       		.uleb128 0x8
 337 018a 60000000 		.4byte	.LVL17
 338 018e EB010000 		.4byte	0x1eb
 339 0192 9C010000 		.4byte	0x19c
 340 0196 09       		.uleb128 0x9
 341 0197 01       		.uleb128 0x1
 342 0198 50       		.byte	0x50
ARM GAS  C:\Users\STUDENT\AppData\Local\Temp\cc7IS5vB.s 			page 8


 343 0199 01       		.uleb128 0x1
 344 019a 31       		.byte	0x31
 345 019b 00       		.byte	0
 346 019c 08       		.uleb128 0x8
 347 019d 66000000 		.4byte	.LVL18
 348 01a1 F6010000 		.4byte	0x1f6
 349 01a5 AF010000 		.4byte	0x1af
 350 01a9 09       		.uleb128 0x9
 351 01aa 01       		.uleb128 0x1
 352 01ab 50       		.byte	0x50
 353 01ac 01       		.uleb128 0x1
 354 01ad 31       		.byte	0x31
 355 01ae 00       		.byte	0
 356 01af 0A       		.uleb128 0xa
 357 01b0 6C000000 		.4byte	.LVL19
 358 01b4 01020000 		.4byte	0x201
 359 01b8 09       		.uleb128 0x9
 360 01b9 01       		.uleb128 0x1
 361 01ba 50       		.byte	0x50
 362 01bb 01       		.uleb128 0x1
 363 01bc 31       		.byte	0x31
 364 01bd 00       		.byte	0
 365 01be 00       		.byte	0
 366 01bf 0B       		.uleb128 0xb
 367 01c0 0E000000 		.4byte	.LASF16
 368 01c4 0E000000 		.4byte	.LASF16
 369 01c8 04       		.byte	0x4
 370 01c9 1F       		.byte	0x1f
 371 01ca 0B       		.uleb128 0xb
 372 01cb BA000000 		.4byte	.LASF17
 373 01cf BA000000 		.4byte	.LASF17
 374 01d3 04       		.byte	0x4
 375 01d4 2A       		.byte	0x2a
 376 01d5 0B       		.uleb128 0xb
 377 01d6 C3010000 		.4byte	.LASF18
 378 01da C3010000 		.4byte	.LASF18
 379 01de 04       		.byte	0x4
 380 01df 26       		.byte	0x26
 381 01e0 0B       		.uleb128 0xb
 382 01e1 FF010000 		.4byte	.LASF19
 383 01e5 FF010000 		.4byte	.LASF19
 384 01e9 05       		.byte	0x5
 385 01ea 32       		.byte	0x32
 386 01eb 0B       		.uleb128 0xb
 387 01ec F3010000 		.4byte	.LASF20
 388 01f0 F3010000 		.4byte	.LASF20
 389 01f4 06       		.byte	0x6
 390 01f5 33       		.byte	0x33
 391 01f6 0B       		.uleb128 0xb
 392 01f7 F1000000 		.4byte	.LASF21
 393 01fb F1000000 		.4byte	.LASF21
 394 01ff 07       		.byte	0x7
 395 0200 33       		.byte	0x33
 396 0201 0B       		.uleb128 0xb
 397 0202 33000000 		.4byte	.LASF22
 398 0206 33000000 		.4byte	.LASF22
 399 020a 08       		.byte	0x8
ARM GAS  C:\Users\STUDENT\AppData\Local\Temp\cc7IS5vB.s 			page 9


 400 020b 33       		.byte	0x33
 401 020c 00       		.byte	0
 402              		.section	.debug_abbrev,"",%progbits
 403              	.Ldebug_abbrev0:
 404 0000 01       		.uleb128 0x1
 405 0001 11       		.uleb128 0x11
 406 0002 01       		.byte	0x1
 407 0003 25       		.uleb128 0x25
 408 0004 0E       		.uleb128 0xe
 409 0005 13       		.uleb128 0x13
 410 0006 0B       		.uleb128 0xb
 411 0007 03       		.uleb128 0x3
 412 0008 0E       		.uleb128 0xe
 413 0009 1B       		.uleb128 0x1b
 414 000a 0E       		.uleb128 0xe
 415 000b 55       		.uleb128 0x55
 416 000c 17       		.uleb128 0x17
 417 000d 11       		.uleb128 0x11
 418 000e 01       		.uleb128 0x1
 419 000f 10       		.uleb128 0x10
 420 0010 17       		.uleb128 0x17
 421 0011 00       		.byte	0
 422 0012 00       		.byte	0
 423 0013 02       		.uleb128 0x2
 424 0014 24       		.uleb128 0x24
 425 0015 00       		.byte	0
 426 0016 0B       		.uleb128 0xb
 427 0017 0B       		.uleb128 0xb
 428 0018 3E       		.uleb128 0x3e
 429 0019 0B       		.uleb128 0xb
 430 001a 03       		.uleb128 0x3
 431 001b 0E       		.uleb128 0xe
 432 001c 00       		.byte	0
 433 001d 00       		.byte	0
 434 001e 03       		.uleb128 0x3
 435 001f 16       		.uleb128 0x16
 436 0020 00       		.byte	0
 437 0021 03       		.uleb128 0x3
 438 0022 0E       		.uleb128 0xe
 439 0023 3A       		.uleb128 0x3a
 440 0024 0B       		.uleb128 0xb
 441 0025 3B       		.uleb128 0x3b
 442 0026 0B       		.uleb128 0xb
 443 0027 49       		.uleb128 0x49
 444 0028 13       		.uleb128 0x13
 445 0029 00       		.byte	0
 446 002a 00       		.byte	0
 447 002b 04       		.uleb128 0x4
 448 002c 24       		.uleb128 0x24
 449 002d 00       		.byte	0
 450 002e 0B       		.uleb128 0xb
 451 002f 0B       		.uleb128 0xb
 452 0030 3E       		.uleb128 0x3e
 453 0031 0B       		.uleb128 0xb
 454 0032 03       		.uleb128 0x3
 455 0033 08       		.uleb128 0x8
 456 0034 00       		.byte	0
ARM GAS  C:\Users\STUDENT\AppData\Local\Temp\cc7IS5vB.s 			page 10


 457 0035 00       		.byte	0
 458 0036 05       		.uleb128 0x5
 459 0037 2E       		.uleb128 0x2e
 460 0038 01       		.byte	0x1
 461 0039 3F       		.uleb128 0x3f
 462 003a 19       		.uleb128 0x19
 463 003b 03       		.uleb128 0x3
 464 003c 0E       		.uleb128 0xe
 465 003d 3A       		.uleb128 0x3a
 466 003e 0B       		.uleb128 0xb
 467 003f 3B       		.uleb128 0x3b
 468 0040 0B       		.uleb128 0xb
 469 0041 27       		.uleb128 0x27
 470 0042 19       		.uleb128 0x19
 471 0043 49       		.uleb128 0x49
 472 0044 13       		.uleb128 0x13
 473 0045 8701     		.uleb128 0x87
 474 0047 19       		.uleb128 0x19
 475 0048 11       		.uleb128 0x11
 476 0049 01       		.uleb128 0x1
 477 004a 12       		.uleb128 0x12
 478 004b 06       		.uleb128 0x6
 479 004c 40       		.uleb128 0x40
 480 004d 18       		.uleb128 0x18
 481 004e 9742     		.uleb128 0x2117
 482 0050 19       		.uleb128 0x19
 483 0051 01       		.uleb128 0x1
 484 0052 13       		.uleb128 0x13
 485 0053 00       		.byte	0
 486 0054 00       		.byte	0
 487 0055 06       		.uleb128 0x6
 488 0056 34       		.uleb128 0x34
 489 0057 00       		.byte	0
 490 0058 03       		.uleb128 0x3
 491 0059 0E       		.uleb128 0xe
 492 005a 3A       		.uleb128 0x3a
 493 005b 0B       		.uleb128 0xb
 494 005c 3B       		.uleb128 0x3b
 495 005d 0B       		.uleb128 0xb
 496 005e 49       		.uleb128 0x49
 497 005f 13       		.uleb128 0x13
 498 0060 02       		.uleb128 0x2
 499 0061 17       		.uleb128 0x17
 500 0062 00       		.byte	0
 501 0063 00       		.byte	0
 502 0064 07       		.uleb128 0x7
 503 0065 898201   		.uleb128 0x4109
 504 0068 00       		.byte	0
 505 0069 11       		.uleb128 0x11
 506 006a 01       		.uleb128 0x1
 507 006b 31       		.uleb128 0x31
 508 006c 13       		.uleb128 0x13
 509 006d 00       		.byte	0
 510 006e 00       		.byte	0
 511 006f 08       		.uleb128 0x8
 512 0070 898201   		.uleb128 0x4109
 513 0073 01       		.byte	0x1
ARM GAS  C:\Users\STUDENT\AppData\Local\Temp\cc7IS5vB.s 			page 11


 514 0074 11       		.uleb128 0x11
 515 0075 01       		.uleb128 0x1
 516 0076 31       		.uleb128 0x31
 517 0077 13       		.uleb128 0x13
 518 0078 01       		.uleb128 0x1
 519 0079 13       		.uleb128 0x13
 520 007a 00       		.byte	0
 521 007b 00       		.byte	0
 522 007c 09       		.uleb128 0x9
 523 007d 8A8201   		.uleb128 0x410a
 524 0080 00       		.byte	0
 525 0081 02       		.uleb128 0x2
 526 0082 18       		.uleb128 0x18
 527 0083 9142     		.uleb128 0x2111
 528 0085 18       		.uleb128 0x18
 529 0086 00       		.byte	0
 530 0087 00       		.byte	0
 531 0088 0A       		.uleb128 0xa
 532 0089 898201   		.uleb128 0x4109
 533 008c 01       		.byte	0x1
 534 008d 11       		.uleb128 0x11
 535 008e 01       		.uleb128 0x1
 536 008f 31       		.uleb128 0x31
 537 0090 13       		.uleb128 0x13
 538 0091 00       		.byte	0
 539 0092 00       		.byte	0
 540 0093 0B       		.uleb128 0xb
 541 0094 2E       		.uleb128 0x2e
 542 0095 00       		.byte	0
 543 0096 3F       		.uleb128 0x3f
 544 0097 19       		.uleb128 0x19
 545 0098 3C       		.uleb128 0x3c
 546 0099 19       		.uleb128 0x19
 547 009a 6E       		.uleb128 0x6e
 548 009b 0E       		.uleb128 0xe
 549 009c 03       		.uleb128 0x3
 550 009d 0E       		.uleb128 0xe
 551 009e 3A       		.uleb128 0x3a
 552 009f 0B       		.uleb128 0xb
 553 00a0 3B       		.uleb128 0x3b
 554 00a1 0B       		.uleb128 0xb
 555 00a2 00       		.byte	0
 556 00a3 00       		.byte	0
 557 00a4 00       		.byte	0
 558              		.section	.debug_loc,"",%progbits
 559              	.Ldebug_loc0:
 560              	.LLST0:
 561 0000 16000000 		.4byte	.LVL3
 562 0004 18000000 		.4byte	.LVL4
 563 0008 0200     		.2byte	0x2
 564 000a 30       		.byte	0x30
 565 000b 9F       		.byte	0x9f
 566 000c 18000000 		.4byte	.LVL4
 567 0010 24000000 		.4byte	.LVL6
 568 0014 0100     		.2byte	0x1
 569 0016 54       		.byte	0x54
 570 0017 24000000 		.4byte	.LVL6
ARM GAS  C:\Users\STUDENT\AppData\Local\Temp\cc7IS5vB.s 			page 12


 571 001b 44000000 		.4byte	.LVL12
 572 001f 0200     		.2byte	0x2
 573 0021 31       		.byte	0x31
 574 0022 9F       		.byte	0x9f
 575 0023 44000000 		.4byte	.LVL12
 576 0027 50000000 		.4byte	.LVL14
 577 002b 0100     		.2byte	0x1
 578 002d 54       		.byte	0x54
 579 002e 50000000 		.4byte	.LVL14
 580 0032 7C000000 		.4byte	.LFE32
 581 0036 0200     		.2byte	0x2
 582 0038 30       		.byte	0x30
 583 0039 9F       		.byte	0x9f
 584 003a 00000000 		.4byte	0
 585 003e 00000000 		.4byte	0
 586              		.section	.debug_aranges,"",%progbits
 587 0000 1C000000 		.4byte	0x1c
 588 0004 0200     		.2byte	0x2
 589 0006 00000000 		.4byte	.Ldebug_info0
 590 000a 04       		.byte	0x4
 591 000b 00       		.byte	0
 592 000c 0000     		.2byte	0
 593 000e 0000     		.2byte	0
 594 0010 00000000 		.4byte	.LFB32
 595 0014 7C000000 		.4byte	.LFE32-.LFB32
 596 0018 00000000 		.4byte	0
 597 001c 00000000 		.4byte	0
 598              		.section	.debug_ranges,"",%progbits
 599              	.Ldebug_ranges0:
 600 0000 00000000 		.4byte	.LFB32
 601 0004 7C000000 		.4byte	.LFE32
 602 0008 00000000 		.4byte	0
 603 000c 00000000 		.4byte	0
 604              		.section	.debug_line,"",%progbits
 605              	.Ldebug_line0:
 606 0000 A6010000 		.section	.debug_str,"MS",%progbits,1
 606      02006E01 
 606      00000201 
 606      FB0E0D00 
 606      01010101 
 607              	.LASF6:
 608 0000 6C6F6E67 		.ascii	"long long int\000"
 608      206C6F6E 
 608      6720696E 
 608      7400
 609              	.LASF16:
 610 000e 53575F54 		.ascii	"SW_Tx_UART_Start\000"
 610      785F5541 
 610      52545F53 
 610      74617274 
 610      00
 611              	.LASF8:
 612 001f 756E7369 		.ascii	"unsigned int\000"
 612      676E6564 
 612      20696E74 
 612      00
 613              	.LASF24:
ARM GAS  C:\Users\STUDENT\AppData\Local\Temp\cc7IS5vB.s 			page 13


 614 002c 6D61696E 		.ascii	"main.c\000"
 614      2E6300
 615              	.LASF22:
 616 0033 4C45445F 		.ascii	"LED_B_Write\000"
 616      425F5772 
 616      69746500 
 617              	.LASF27:
 618 003f 6C617374 		.ascii	"last_state\000"
 618      5F737461 
 618      746500
 619              	.LASF7:
 620 004a 6C6F6E67 		.ascii	"long long unsigned int\000"
 620      206C6F6E 
 620      6720756E 
 620      7369676E 
 620      65642069 
 621              	.LASF9:
 622 0061 5F5F7569 		.ascii	"__uint8_t\000"
 622      6E74385F 
 622      7400
 623              	.LASF11:
 624 006b 666C6F61 		.ascii	"float\000"
 624      7400
 625              	.LASF25:
 626 0071 433A5C55 		.ascii	"C:\\Users\\STUDENT\\Documents\\PSoC Creator\\csn_uz"
 626      73657273 
 626      5C535455 
 626      44454E54 
 626      5C446F63 
 627 009f 686E755C 		.ascii	"hnu\\LW01_Copy_02.rpt.cydsn\000"
 627      4C573031 
 627      5F436F70 
 627      795F3032 
 627      2E727074 
 628              	.LASF17:
 629 00ba 53575F54 		.ascii	"SW_Tx_UART_PutCRLF\000"
 629      785F5541 
 629      52545F50 
 629      75744352 
 629      4C4600
 630              	.LASF10:
 631 00cd 75696E74 		.ascii	"uint8_t\000"
 631      385F7400 
 632              	.LASF1:
 633 00d5 756E7369 		.ascii	"unsigned char\000"
 633      676E6564 
 633      20636861 
 633      7200
 634              	.LASF13:
 635 00e3 63686172 		.ascii	"char\000"
 635      00
 636              	.LASF4:
 637 00e8 6C6F6E67 		.ascii	"long int\000"
 637      20696E74 
 637      00
 638              	.LASF21:
 639 00f1 4C45445F 		.ascii	"LED_G_Write\000"
ARM GAS  C:\Users\STUDENT\AppData\Local\Temp\cc7IS5vB.s 			page 14


 639      475F5772 
 639      69746500 
 640              	.LASF5:
 641 00fd 6C6F6E67 		.ascii	"long unsigned int\000"
 641      20756E73 
 641      69676E65 
 641      6420696E 
 641      7400
 642              	.LASF12:
 643 010f 646F7562 		.ascii	"double\000"
 643      6C6500
 644              	.LASF23:
 645 0116 474E5520 		.ascii	"GNU C11 5.4.1 20160609 (release) [ARM/embedded-5-br"
 645      43313120 
 645      352E342E 
 645      31203230 
 645      31363036 
 646 0149 616E6368 		.ascii	"anch revision 237715] -mcpu=cortex-m0 -mthumb -g -O"
 646      20726576 
 646      6973696F 
 646      6E203233 
 646      37373135 
 647 017c 67202D66 		.ascii	"g -ffunction-sections -ffat-lto-objects\000"
 647      66756E63 
 647      74696F6E 
 647      2D736563 
 647      74696F6E 
 648              	.LASF3:
 649 01a4 73686F72 		.ascii	"short unsigned int\000"
 649      7420756E 
 649      7369676E 
 649      65642069 
 649      6E7400
 650              	.LASF0:
 651 01b7 7369676E 		.ascii	"signed char\000"
 651      65642063 
 651      68617200 
 652              	.LASF18:
 653 01c3 53575F54 		.ascii	"SW_Tx_UART_PutString\000"
 653      785F5541 
 653      52545F50 
 653      75745374 
 653      72696E67 
 654              	.LASF26:
 655 01d8 6D61696E 		.ascii	"main\000"
 655      00
 656              	.LASF15:
 657 01dd 6C6F6E67 		.ascii	"long double\000"
 657      20646F75 
 657      626C6500 
 658              	.LASF2:
 659 01e9 73686F72 		.ascii	"short int\000"
 659      7420696E 
 659      7400
 660              	.LASF20:
 661 01f3 4C45445F 		.ascii	"LED_R_Write\000"
 661      525F5772 
ARM GAS  C:\Users\STUDENT\AppData\Local\Temp\cc7IS5vB.s 			page 15


 661      69746500 
 662              	.LASF19:
 663 01ff 42757474 		.ascii	"Button_Read\000"
 663      6F6E5F52 
 663      65616400 
 664              	.LASF14:
 665 020b 73697A65 		.ascii	"sizetype\000"
 665      74797065 
 665      00
 666              		.ident	"GCC: (GNU Tools for ARM Embedded Processors) 5.4.1 20160609 (release) [ARM/embedded-5-bran
